TN:
SF:/Users/rinae/Dev/practice/react/react-application-test-example/src/App.js
FN:5,(anonymous_0)
FN:9,(anonymous_1)
FN:14,(anonymous_2)
FN:23,(anonymous_3)
FN:27,(anonymous_4)
FN:31,(anonymous_5)
FN:34,(anonymous_6)
FN:37,(anonymous_7)
FN:40,(anonymous_8)
FN:60,(anonymous_9)
FNF:10
FNH:4
FNDA:0,(anonymous_0)
FNDA:0,(anonymous_1)
FNDA:1,(anonymous_2)
FNDA:0,(anonymous_3)
FNDA:0,(anonymous_4)
FNDA:1,(anonymous_5)
FNDA:0,(anonymous_6)
FNDA:0,(anonymous_7)
FNDA:1,(anonymous_8)
FNDA:2,(anonymous_9)
DA:5,1
DA:9,1
DA:15,1
DA:17,1
DA:24,0
DA:28,0
DA:32,1
DA:35,0
DA:37,0
DA:41,1
DA:43,1
DA:60,2
LF:12
LH:8
BRF:0
BRH:0
end_of_record
